This file contains any messages produced by compilers while
running configure, to aid debugging if configure makes a mistake.

It was created by filesync configure 1.0, which was
generated by GNU Autoconf 2.69.  Invocation command line was

  $ /home/carlos/workspaces/workspace/filesync/configure 

## --------- ##
## Platform. ##
## --------- ##

hostname = vinitx
uname -m = x86_64
uname -r = 3.17.6-1-ARCH
uname -s = Linux
uname -v = #1 SMP PREEMPT Sun Dec 7 23:43:32 UTC 2014

/usr/bin/uname -p = unknown
/bin/uname -X     = unknown

/bin/arch              = unknown
/usr/bin/arch -k       = unknown
/usr/convex/getsysinfo = unknown
/usr/bin/hostinfo      = unknown
/bin/machine           = unknown
/usr/bin/oslevel       = unknown
/bin/universe          = unknown

PATH: /usr/local/sbin
PATH: /usr/local/bin
PATH: /usr/bin
PATH: /usr/share/java/gradle/bin
PATH: /usr/lib/jvm/default/bin
PATH: /usr/bin/site_perl
PATH: /usr/bin/vendor_perl
PATH: /usr/bin/core_perl


## ----------- ##
## Core tests. ##
## ----------- ##

configure:2303: checking for gcc
configure:2319: found /usr/bin/gcc
configure:2330: result: gcc
configure:2559: checking for C compiler version
configure:2568: gcc --version >&5
gcc (GCC) 4.9.2 20141224 (prerelease)
Copyright (C) 2014 Free Software Foundation, Inc.
This is free software; see the source for copying conditions.  There is NO
warranty; not even for MERCHANTABILITY or FITNESS FOR A PARTICULAR PURPOSE.

configure:2579: $? = 0
configure:2568: gcc -v >&5
Using built-in specs.
COLLECT_GCC=gcc
COLLECT_LTO_WRAPPER=/usr/lib/gcc/x86_64-unknown-linux-gnu/4.9.2/lto-wrapper
Target: x86_64-unknown-linux-gnu
Configured with: /build/gcc/src/gcc-4.9-20141224/configure --prefix=/usr --libdir=/usr/lib --libexecdir=/usr/lib --mandir=/usr/share/man --infodir=/usr/share/info --with-bugurl=https://bugs.archlinux.org/ --enable-languages=c,c++,ada,fortran,go,lto,objc,obj-c++ --enable-shared --enable-threads=posix --with-system-zlib --enable-__cxa_atexit --disable-libunwind-exceptions --enable-clocale=gnu --disable-libstdcxx-pch --disable-libssp --enable-gnu-unique-object --enable-linker-build-id --enable-cloog-backend=isl --enable-lto --enable-plugin --enable-install-libiberty --with-linker-hash-style=gnu --disable-multilib --disable-werror --enable-checking=release
Thread model: posix
gcc version 4.9.2 20141224 (prerelease) (GCC) 
configure:2579: $? = 0
configure:2568: gcc -V >&5
gcc: error: unrecognized command line option '-V'
gcc: fatal error: no input files
compilation terminated.
configure:2579: $? = 1
configure:2568: gcc -qversion >&5
gcc: error: unrecognized command line option '-qversion'
gcc: fatal error: no input files
compilation terminated.
configure:2579: $? = 1
configure:2599: checking whether the C compiler works
configure:2621: gcc    conftest.c  >&5
configure:2625: $? = 0
configure:2673: result: yes
configure:2676: checking for C compiler default output file name
configure:2678: result: a.out
configure:2684: checking for suffix of executables
configure:2691: gcc -o conftest    conftest.c  >&5
configure:2695: $? = 0
configure:2717: result: 
configure:2739: checking whether we are cross compiling
configure:2747: gcc -o conftest    conftest.c  >&5
configure:2751: $? = 0
configure:2758: ./conftest
configure:2762: $? = 0
configure:2777: result: no
configure:2782: checking for suffix of object files
configure:2804: gcc -c   conftest.c >&5
configure:2808: $? = 0
configure:2829: result: o
configure:2833: checking whether we are using the GNU C compiler
configure:2852: gcc -c   conftest.c >&5
configure:2852: $? = 0
configure:2861: result: yes
configure:2870: checking whether gcc accepts -g
configure:2890: gcc -c -g  conftest.c >&5
configure:2890: $? = 0
configure:2931: result: yes
configure:2948: checking for gcc option to accept ISO C89
configure:3011: gcc  -c -g -O2  conftest.c >&5
configure:3011: $? = 0
configure:3024: result: none needed
configure:3052: checking whether gcc understands -c and -o together
configure:3074: gcc -c conftest.c -o conftest2.o
configure:3077: $? = 0
configure:3074: gcc -c conftest.c -o conftest2.o
configure:3077: $? = 0
configure:3089: result: yes
configure:3141: checking build system type
configure:3155: result: x86_64-unknown-linux-gnu
configure:3175: checking host system type
configure:3188: result: x86_64-unknown-linux-gnu
configure:3208: checking target system type
configure:3221: result: x86_64-unknown-linux-gnu
configure:3265: checking for a BSD-compatible install
configure:3333: result: /usr/bin/install -c
configure:3344: checking whether build environment is sane
configure:3399: result: yes
configure:3434: WARNING: 'missing' script is too old or missing
configure:3547: checking for a thread-safe mkdir -p
configure:3586: result: /usr/bin/mkdir -p
configure:3593: checking for gawk
configure:3609: found /usr/bin/gawk
configure:3620: result: gawk
configure:3631: checking whether make sets $(MAKE)
configure:3653: result: yes
configure:3683: checking for style of include used by make
configure:3711: result: GNU
configure:3745: checking whether make supports nested variables
configure:3762: result: yes
configure:3847: checking dependency style of gcc
configure:3958: result: gcc3
configure:4083: checking for g++
configure:4099: found /usr/bin/g++
configure:4110: result: g++
configure:4137: checking for C++ compiler version
configure:4146: g++ --version >&5
g++ (GCC) 4.9.2 20141224 (prerelease)
Copyright (C) 2014 Free Software Foundation, Inc.
This is free software; see the source for copying conditions.  There is NO
warranty; not even for MERCHANTABILITY or FITNESS FOR A PARTICULAR PURPOSE.

configure:4157: $? = 0
configure:4146: g++ -v >&5
Using built-in specs.
COLLECT_GCC=g++
COLLECT_LTO_WRAPPER=/usr/lib/gcc/x86_64-unknown-linux-gnu/4.9.2/lto-wrapper
Target: x86_64-unknown-linux-gnu
Configured with: /build/gcc/src/gcc-4.9-20141224/configure --prefix=/usr --libdir=/usr/lib --libexecdir=/usr/lib --mandir=/usr/share/man --infodir=/usr/share/info --with-bugurl=https://bugs.archlinux.org/ --enable-languages=c,c++,ada,fortran,go,lto,objc,obj-c++ --enable-shared --enable-threads=posix --with-system-zlib --enable-__cxa_atexit --disable-libunwind-exceptions --enable-clocale=gnu --disable-libstdcxx-pch --disable-libssp --enable-gnu-unique-object --enable-linker-build-id --enable-cloog-backend=isl --enable-lto --enable-plugin --enable-install-libiberty --with-linker-hash-style=gnu --disable-multilib --disable-werror --enable-checking=release
Thread model: posix
gcc version 4.9.2 20141224 (prerelease) (GCC) 
configure:4157: $? = 0
configure:4146: g++ -V >&5
g++: error: unrecognized command line option '-V'
g++: fatal error: no input files
compilation terminated.
configure:4157: $? = 1
configure:4146: g++ -qversion >&5
g++: error: unrecognized command line option '-qversion'
g++: fatal error: no input files
compilation terminated.
configure:4157: $? = 1
configure:4161: checking whether we are using the GNU C++ compiler
configure:4180: g++ -c   conftest.cpp >&5
configure:4180: $? = 0
configure:4189: result: yes
configure:4198: checking whether g++ accepts -g
configure:4218: g++ -c -g  conftest.cpp >&5
configure:4218: $? = 0
configure:4259: result: yes
configure:4284: checking dependency style of g++
configure:4395: result: gcc3
configure:4418: checking whether g++ supports C++11 features by default
configure:4452: g++ -c -g -O2  conftest.cpp >&5
conftest.cpp:15:21: error: expected identifier before 'sizeof'
       static_assert(sizeof(int) <= sizeof(T), "not big enough");
                     ^
conftest.cpp:15:21: error: expected ',' or '...' before 'sizeof'
conftest.cpp:15:63: error: ISO C++ forbids declaration of 'static_assert' with no type [-fpermissive]
       static_assert(sizeof(int) <= sizeof(T), "not big enough");
                                                               ^
conftest.cpp:22:20: warning: override controls (override/final) only available with -std=c++11 or -std=gnu++11
     virtual void f() override {}
                    ^
conftest.cpp:25:29: error: '>>' should be '> >' within a nested template argument list
     typedef check<check<bool>> right_angle_brackets;
                             ^
conftest.cpp:28:13: error: expected constructor, destructor, or type conversion before '(' token
     decltype(a) b;
             ^
conftest.cpp:32:15: error: expected unqualified-id before '&&' token
     check_type&& cr = static_cast<check_type&&>(c);
               ^
conftest.cpp:34:10: error: 'd' does not name a type
     auto d = a;
          ^
conftest.cpp:35:10: error: 'l' does not name a type
     auto l = [](){};
          ^
configure:4452: $? = 1
configure: failed program was:
| /* confdefs.h */
| #define PACKAGE_NAME "filesync"
| #define PACKAGE_TARNAME "filesync"
| #define PACKAGE_VERSION "1.0"
| #define PACKAGE_STRING "filesync 1.0"
| #define PACKAGE_BUGREPORT ""
| #define PACKAGE_URL ""
| #define PACKAGE "filesync"
| #define VERSION "1.0"
| /* end confdefs.h.  */
| 
|   template <typename T>
|     struct check
|     {
|       static_assert(sizeof(int) <= sizeof(T), "not big enough");
|     };
| 
|     struct Base {
|     virtual void f() {}
|     };
|     struct Child : public Base {
|     virtual void f() override {}
|     };
| 
|     typedef check<check<bool>> right_angle_brackets;
| 
|     int a;
|     decltype(a) b;
| 
|     typedef check<int> check_type;
|     check_type c;
|     check_type&& cr = static_cast<check_type&&>(c);
| 
|     auto d = a;
|     auto l = [](){};
| 
configure:4459: result: no
configure:4470: checking whether g++ supports C++11 features with -std=c++11
configure:4506: g++ -c -g -O2 -std=c++11  conftest.cpp >&5
configure:4506: $? = 0
configure:4515: result: yes
configure:4597: checking how to print strings
configure:4624: result: printf
configure:4645: checking for a sed that does not truncate output
configure:4709: result: /usr/bin/sed
configure:4727: checking for grep that handles long lines and -e
configure:4785: result: /usr/bin/grep
configure:4790: checking for egrep
configure:4852: result: /usr/bin/grep -E
configure:4857: checking for fgrep
configure:4919: result: /usr/bin/grep -F
configure:4954: checking for ld used by gcc
configure:5021: result: /usr/bin/ld
configure:5028: checking if the linker (/usr/bin/ld) is GNU ld
configure:5043: result: yes
configure:5055: checking for BSD- or MS-compatible name lister (nm)
configure:5109: result: /usr/bin/nm -B
configure:5239: checking the name lister (/usr/bin/nm -B) interface
configure:5246: g++ -c -g -O2 -std=c++11  conftest.cpp >&5
configure:5249: /usr/bin/nm -B "conftest.o"
configure:5252: output
0000000000000000 B some_variable
configure:5259: result: BSD nm
configure:5262: checking whether ln -s works
configure:5266: result: yes
configure:5274: checking the maximum length of command line arguments
configure:5405: result: 1572864
configure:5453: checking how to convert x86_64-unknown-linux-gnu file names to x86_64-unknown-linux-gnu format
configure:5493: result: func_convert_file_noop
configure:5500: checking how to convert x86_64-unknown-linux-gnu file names to toolchain format
configure:5520: result: func_convert_file_noop
configure:5527: checking for /usr/bin/ld option to reload object files
configure:5534: result: -r
configure:5608: checking for objdump
configure:5624: found /usr/bin/objdump
configure:5635: result: objdump
configure:5667: checking how to recognize dependent libraries
configure:5867: result: pass_all
configure:5952: checking for dlltool
configure:5982: result: no
configure:6012: checking how to associate runtime and link libraries
configure:6039: result: printf %s\n
configure:6099: checking for ar
configure:6115: found /usr/bin/ar
configure:6126: result: ar
configure:6163: checking for archiver @FILE support
configure:6180: g++ -c -g -O2 -std=c++11  conftest.cpp >&5
configure:6180: $? = 0
configure:6183: ar cru libconftest.a @conftest.lst >&5
configure:6186: $? = 0
configure:6191: ar cru libconftest.a @conftest.lst >&5
ar: conftest.o: No such file or directory
configure:6194: $? = 1
configure:6206: result: @
configure:6264: checking for strip
configure:6280: found /usr/bin/strip
configure:6291: result: strip
configure:6363: checking for ranlib
configure:6379: found /usr/bin/ranlib
configure:6390: result: ranlib
configure:6492: checking command to parse /usr/bin/nm -B output from gcc object
configure:6645: g++ -c -g -O2 -std=c++11  conftest.cpp >&5
configure:6648: $? = 0
configure:6652: /usr/bin/nm -B conftest.o \| sed -n -e 's/^.*[ ]\([ABCDGIRSTW][ABCDGIRSTW]*\)[ ][ ]*\([_A-Za-z][_A-Za-z0-9]*\)$/\1 \2 \2/p' | sed '/ __gnu_lto/d' \> conftest.nm
configure:6655: $? = 0
configure:6721: g++ -o conftest -g -O2 -std=c++11   conftest.cpp conftstm.o >&5
configure:6724: $? = 0
configure:6762: result: ok
configure:6809: checking for sysroot
configure:6839: result: no
configure:6846: checking for a working dd
configure:6884: result: /usr/bin/dd
configure:6888: checking how to truncate binary pipes
configure:6903: result: /usr/bin/dd bs=4096 count=1
configure:7025: g++ -c -g -O2 -std=c++11  conftest.cpp >&5
configure:7028: $? = 0
configure:7218: checking for mt
configure:7248: result: no
configure:7268: checking if : is a manifest tool
configure:7274: : '-?'
configure:7282: result: no
configure:7924: checking how to run the C preprocessor
configure:7955: gcc -E  conftest.c
configure:7955: $? = 0
configure:7969: gcc -E  conftest.c
conftest.c:11:28: fatal error: ac_nonexistent.h: No such file or directory
 #include <ac_nonexistent.h>
                            ^
compilation terminated.
configure:7969: $? = 1
configure: failed program was:
| /* confdefs.h */
| #define PACKAGE_NAME "filesync"
| #define PACKAGE_TARNAME "filesync"
| #define PACKAGE_VERSION "1.0"
| #define PACKAGE_STRING "filesync 1.0"
| #define PACKAGE_BUGREPORT ""
| #define PACKAGE_URL ""
| #define PACKAGE "filesync"
| #define VERSION "1.0"
| /* end confdefs.h.  */
| #include <ac_nonexistent.h>
configure:7994: result: gcc -E
configure:8014: gcc -E  conftest.c
configure:8014: $? = 0
configure:8028: gcc -E  conftest.c
conftest.c:11:28: fatal error: ac_nonexistent.h: No such file or directory
 #include <ac_nonexistent.h>
                            ^
compilation terminated.
configure:8028: $? = 1
configure: failed program was:
| /* confdefs.h */
| #define PACKAGE_NAME "filesync"
| #define PACKAGE_TARNAME "filesync"
| #define PACKAGE_VERSION "1.0"
| #define PACKAGE_STRING "filesync 1.0"
| #define PACKAGE_BUGREPORT ""
| #define PACKAGE_URL ""
| #define PACKAGE "filesync"
| #define VERSION "1.0"
| /* end confdefs.h.  */
| #include <ac_nonexistent.h>
configure:8057: checking for ANSI C header files
configure:8077: gcc -c -g -O2  conftest.c >&5
configure:8077: $? = 0
configure:8150: gcc -o conftest -g -O2   conftest.c  >&5
configure:8150: $? = 0
configure:8150: ./conftest
configure:8150: $? = 0
configure:8161: result: yes
configure:8174: checking for sys/types.h
configure:8174: gcc -c -g -O2  conftest.c >&5
configure:8174: $? = 0
configure:8174: result: yes
configure:8174: checking for sys/stat.h
configure:8174: gcc -c -g -O2  conftest.c >&5
configure:8174: $? = 0
configure:8174: result: yes
configure:8174: checking for stdlib.h
configure:8174: gcc -c -g -O2  conftest.c >&5
configure:8174: $? = 0
configure:8174: result: yes
configure:8174: checking for string.h
configure:8174: gcc -c -g -O2  conftest.c >&5
configure:8174: $? = 0
configure:8174: result: yes
configure:8174: checking for memory.h
configure:8174: gcc -c -g -O2  conftest.c >&5
configure:8174: $? = 0
configure:8174: result: yes
configure:8174: checking for strings.h
configure:8174: gcc -c -g -O2  conftest.c >&5
configure:8174: $? = 0
configure:8174: result: yes
configure:8174: checking for inttypes.h
configure:8174: gcc -c -g -O2  conftest.c >&5
configure:8174: $? = 0
configure:8174: result: yes
configure:8174: checking for stdint.h
configure:8174: gcc -c -g -O2  conftest.c >&5
configure:8174: $? = 0
configure:8174: result: yes
configure:8174: checking for unistd.h
configure:8174: gcc -c -g -O2  conftest.c >&5
configure:8174: $? = 0
configure:8174: result: yes
configure:8188: checking for dlfcn.h
configure:8188: gcc -c -g -O2  conftest.c >&5
configure:8188: $? = 0
configure:8188: result: yes
configure:8454: checking for objdir
configure:8469: result: .libs
configure:8736: checking if gcc supports -fno-rtti -fno-exceptions
configure:8754: gcc -c -g -O2  -fno-rtti -fno-exceptions conftest.c >&5
cc1: warning: command line option '-fno-rtti' is valid for C++/ObjC++ but not for C
configure:8758: $? = 0
configure:8771: result: no
configure:9129: checking for gcc option to produce PIC
configure:9136: result: -fPIC -DPIC
configure:9144: checking if gcc PIC flag -fPIC -DPIC works
configure:9162: gcc -c -g -O2  -fPIC -DPIC -DPIC conftest.c >&5
configure:9166: $? = 0
configure:9179: result: yes
configure:9208: checking if gcc static flag -static works
configure:9236: result: yes
configure:9251: checking if gcc supports -c -o file.o
configure:9272: gcc -c -g -O2  -o out/conftest2.o conftest.c >&5
configure:9276: $? = 0
configure:9298: result: yes
configure:9306: checking if gcc supports -c -o file.o
configure:9353: result: yes
configure:9386: checking whether the gcc linker (/usr/bin/ld -m elf_x86_64) supports shared libraries
configure:10645: result: yes
configure:10682: checking whether -lc should be explicitly linked in
configure:10690: gcc -c -g -O2  conftest.c >&5
configure:10693: $? = 0
configure:10708: gcc -shared  -fPIC -DPIC conftest.o  -v -Wl,-soname -Wl,conftest -o conftest 2\>\&1 \| /usr/bin/grep  -lc  \>/dev/null 2\>\&1
configure:10711: $? = 0
configure:10725: result: no
configure:10885: checking dynamic linker characteristics
configure:11462: gcc -o conftest -g -O2   -Wl,-rpath -Wl,/foo conftest.c  >&5
configure:11462: $? = 0
configure:11694: result: GNU/Linux ld.so
configure:11801: checking how to hardcode library paths into programs
configure:11826: result: immediate
configure:12374: checking whether stripping libraries is possible
configure:12379: result: yes
configure:12414: checking if libtool supports shared libraries
configure:12416: result: yes
configure:12419: checking whether to build shared libraries
configure:12444: result: yes
configure:12447: checking whether to build static libraries
configure:12451: result: yes
configure:12474: checking how to run the C++ preprocessor
configure:12501: g++ -E  conftest.cpp
configure:12501: $? = 0
configure:12515: g++ -E  conftest.cpp
conftest.cpp:23:28: fatal error: ac_nonexistent.h: No such file or directory
 #include <ac_nonexistent.h>
                            ^
compilation terminated.
configure:12515: $? = 1
configure: failed program was:
| /* confdefs.h */
| #define PACKAGE_NAME "filesync"
| #define PACKAGE_TARNAME "filesync"
| #define PACKAGE_VERSION "1.0"
| #define PACKAGE_STRING "filesync 1.0"
| #define PACKAGE_BUGREPORT ""
| #define PACKAGE_URL ""
| #define PACKAGE "filesync"
| #define VERSION "1.0"
| #define STDC_HEADERS 1
| #define HAVE_SYS_TYPES_H 1
| #define HAVE_SYS_STAT_H 1
| #define HAVE_STDLIB_H 1
| #define HAVE_STRING_H 1
| #define HAVE_MEMORY_H 1
| #define HAVE_STRINGS_H 1
| #define HAVE_INTTYPES_H 1
| #define HAVE_STDINT_H 1
| #define HAVE_UNISTD_H 1
| #define HAVE_DLFCN_H 1
| #define LT_OBJDIR ".libs/"
| /* end confdefs.h.  */
| #include <ac_nonexistent.h>
configure:12540: result: g++ -E
configure:12560: g++ -E  conftest.cpp
configure:12560: $? = 0
configure:12574: g++ -E  conftest.cpp
conftest.cpp:23:28: fatal error: ac_nonexistent.h: No such file or directory
 #include <ac_nonexistent.h>
                            ^
compilation terminated.
configure:12574: $? = 1
configure: failed program was:
| /* confdefs.h */
| #define PACKAGE_NAME "filesync"
| #define PACKAGE_TARNAME "filesync"
| #define PACKAGE_VERSION "1.0"
| #define PACKAGE_STRING "filesync 1.0"
| #define PACKAGE_BUGREPORT ""
| #define PACKAGE_URL ""
| #define PACKAGE "filesync"
| #define VERSION "1.0"
| #define STDC_HEADERS 1
| #define HAVE_SYS_TYPES_H 1
| #define HAVE_SYS_STAT_H 1
| #define HAVE_STDLIB_H 1
| #define HAVE_STRING_H 1
| #define HAVE_MEMORY_H 1
| #define HAVE_STRINGS_H 1
| #define HAVE_INTTYPES_H 1
| #define HAVE_STDINT_H 1
| #define HAVE_UNISTD_H 1
| #define HAVE_DLFCN_H 1
| #define LT_OBJDIR ".libs/"
| /* end confdefs.h.  */
| #include <ac_nonexistent.h>
configure:12743: checking for ld used by g++
configure:12810: result: /usr/bin/ld -m elf_x86_64
configure:12817: checking if the linker (/usr/bin/ld -m elf_x86_64) is GNU ld
configure:12832: result: yes
configure:12887: checking whether the g++ linker (/usr/bin/ld -m elf_x86_64) supports shared libraries
configure:13960: result: yes
configure:13996: g++ -c -g -O2 -std=c++11  conftest.cpp >&5
configure:13999: $? = 0
configure:14525: checking for g++ option to produce PIC
configure:14532: result: -fPIC -DPIC
configure:14540: checking if g++ PIC flag -fPIC -DPIC works
configure:14558: g++ -c -g -O2 -std=c++11  -fPIC -DPIC -DPIC conftest.cpp >&5
configure:14562: $? = 0
configure:14575: result: yes
configure:14598: checking if g++ static flag -static works
configure:14626: result: yes
configure:14638: checking if g++ supports -c -o file.o
configure:14659: g++ -c -g -O2 -std=c++11  -o out/conftest2.o conftest.cpp >&5
configure:14663: $? = 0
configure:14685: result: yes
configure:14690: checking if g++ supports -c -o file.o
configure:14737: result: yes
configure:14767: checking whether the g++ linker (/usr/bin/ld -m elf_x86_64) supports shared libraries
configure:14807: result: yes
configure:14948: checking dynamic linker characteristics
configure:15684: result: GNU/Linux ld.so
configure:15737: checking how to hardcode library paths into programs
configure:15762: result: immediate
configure:15974: checking that generated files are newer than configure
configure:15980: result: done
configure:16007: creating ./config.status

## ---------------------- ##
## Running config.status. ##
## ---------------------- ##

This file was extended by filesync config.status 1.0, which was
generated by GNU Autoconf 2.69.  Invocation command line was

  CONFIG_FILES    = 
  CONFIG_HEADERS  = 
  CONFIG_LINKS    = 
  CONFIG_COMMANDS = 
  $ ./config.status 

on vinitx

config.status:1074: creating Makefile
config.status:1074: creating exampleProgram/Makefile
config.status:1074: creating libFileSync/Makefile
config.status:1074: creating include/Makefile
config.status:1246: executing depfiles commands
config.status:1246: executing libtool commands

## ---------------- ##
## Cache variables. ##
## ---------------- ##

ac_cv_build=x86_64-unknown-linux-gnu
ac_cv_c_compiler_gnu=yes
ac_cv_cxx_compiler_gnu=yes
ac_cv_env_CCC_set=
ac_cv_env_CCC_value=
ac_cv_env_CC_set=
ac_cv_env_CC_value=
ac_cv_env_CFLAGS_set=
ac_cv_env_CFLAGS_value=
ac_cv_env_CPPFLAGS_set=
ac_cv_env_CPPFLAGS_value=
ac_cv_env_CPP_set=
ac_cv_env_CPP_value=
ac_cv_env_CXXCPP_set=
ac_cv_env_CXXCPP_value=
ac_cv_env_CXXFLAGS_set=
ac_cv_env_CXXFLAGS_value=
ac_cv_env_CXX_set=
ac_cv_env_CXX_value=
ac_cv_env_LDFLAGS_set=
ac_cv_env_LDFLAGS_value=
ac_cv_env_LIBS_set=
ac_cv_env_LIBS_value=
ac_cv_env_build_alias_set=
ac_cv_env_build_alias_value=
ac_cv_env_host_alias_set=
ac_cv_env_host_alias_value=
ac_cv_env_target_alias_set=
ac_cv_env_target_alias_value=
ac_cv_header_dlfcn_h=yes
ac_cv_header_inttypes_h=yes
ac_cv_header_memory_h=yes
ac_cv_header_stdc=yes
ac_cv_header_stdint_h=yes
ac_cv_header_stdlib_h=yes
ac_cv_header_string_h=yes
ac_cv_header_strings_h=yes
ac_cv_header_sys_stat_h=yes
ac_cv_header_sys_types_h=yes
ac_cv_header_unistd_h=yes
ac_cv_host=x86_64-unknown-linux-gnu
ac_cv_objext=o
ac_cv_path_EGREP='/usr/bin/grep -E'
ac_cv_path_FGREP='/usr/bin/grep -F'
ac_cv_path_GREP=/usr/bin/grep
ac_cv_path_SED=/usr/bin/sed
ac_cv_path_install='/usr/bin/install -c'
ac_cv_path_lt_DD=/usr/bin/dd
ac_cv_path_mkdir=/usr/bin/mkdir
ac_cv_prog_AWK=gawk
ac_cv_prog_CPP='gcc -E'
ac_cv_prog_CXXCPP='g++ -E'
ac_cv_prog_ac_ct_AR=ar
ac_cv_prog_ac_ct_CC=gcc
ac_cv_prog_ac_ct_CXX=g++
ac_cv_prog_ac_ct_OBJDUMP=objdump
ac_cv_prog_ac_ct_RANLIB=ranlib
ac_cv_prog_ac_ct_STRIP=strip
ac_cv_prog_cc_c89=
ac_cv_prog_cc_g=yes
ac_cv_prog_cxx_g=yes
ac_cv_prog_make_make_set=yes
ac_cv_target=x86_64-unknown-linux-gnu
am_cv_CC_dependencies_compiler_type=gcc3
am_cv_CXX_dependencies_compiler_type=gcc3
am_cv_make_support_nested_variables=yes
am_cv_prog_cc_c_o=yes
ax_cv_cxx_compile_cxx11=no
ax_cv_cxx_compile_cxx11__std_cpp11=yes
lt_cv_ar_at_file=@
lt_cv_archive_cmds_need_lc=no
lt_cv_deplibs_check_method=pass_all
lt_cv_file_magic_cmd='$MAGIC_CMD'
lt_cv_file_magic_test_file=
lt_cv_ld_reload_flag=-r
lt_cv_nm_interface='BSD nm'
lt_cv_objdir=.libs
lt_cv_path_LD=/usr/bin/ld
lt_cv_path_LDCXX='/usr/bin/ld -m elf_x86_64'
lt_cv_path_NM='/usr/bin/nm -B'
lt_cv_path_mainfest_tool=no
lt_cv_prog_compiler_c_o=yes
lt_cv_prog_compiler_c_o_CXX=yes
lt_cv_prog_compiler_pic='-fPIC -DPIC'
lt_cv_prog_compiler_pic_CXX='-fPIC -DPIC'
lt_cv_prog_compiler_pic_works=yes
lt_cv_prog_compiler_pic_works_CXX=yes
lt_cv_prog_compiler_rtti_exceptions=no
lt_cv_prog_compiler_static_works=yes
lt_cv_prog_compiler_static_works_CXX=yes
lt_cv_prog_gnu_ld=yes
lt_cv_prog_gnu_ldcxx=yes
lt_cv_sharedlib_from_linklib_cmd='printf %s\n'
lt_cv_shlibpath_overrides_runpath=no
lt_cv_sys_global_symbol_pipe='sed -n -e '\''s/^.*[	 ]\([ABCDGIRSTW][ABCDGIRSTW]*\)[	 ][	 ]*\([_A-Za-z][_A-Za-z0-9]*\)$/\1 \2 \2/p'\'' | sed '\''/ __gnu_lto/d'\'''
lt_cv_sys_global_symbol_to_c_name_address='sed -n -e '\''s/^: \(.*\) .*$/  {"\1", (void *) 0},/p'\'' -e '\''s/^[ABCDGIRSTW][ABCDGIRSTW]* .* \(.*\)$/  {"\1", (void *) \&\1},/p'\'''
lt_cv_sys_global_symbol_to_c_name_address_lib_prefix='sed -n -e '\''s/^: \(.*\) .*$/  {"\1", (void *) 0},/p'\'' -e '\''s/^[ABCDGIRSTW][ABCDGIRSTW]* .* \(lib.*\)$/  {"\1", (void *) \&\1},/p'\'' -e '\''s/^[ABCDGIRSTW][ABCDGIRSTW]* .* \(.*\)$/  {"lib\1", (void *) \&\1},/p'\'''
lt_cv_sys_global_symbol_to_cdecl='sed -n -e '\''s/^T .* \(.*\)$/extern int \1();/p'\'' -e '\''s/^[ABCDGIRSTW][ABCDGIRSTW]* .* \(.*\)$/extern char \1;/p'\'''
lt_cv_sys_global_symbol_to_import=
lt_cv_sys_max_cmd_len=1572864
lt_cv_to_host_file_cmd=func_convert_file_noop
lt_cv_to_tool_file_cmd=func_convert_file_noop
lt_cv_truncate_bin='/usr/bin/dd bs=4096 count=1'

## ----------------- ##
## Output variables. ##
## ----------------- ##

ACLOCAL='aclocal-1.14'
AMDEPBACKSLASH='\'
AMDEP_FALSE='#'
AMDEP_TRUE=''
AMTAR='$${TAR-tar}'
AM_BACKSLASH='\'
AM_DEFAULT_V='$(AM_DEFAULT_VERBOSITY)'
AM_DEFAULT_VERBOSITY='1'
AM_V='$(V)'
AR='ar'
AUTOCONF='autoconf'
AUTOHEADER='autoheader'
AUTOMAKE='automake-1.14'
AWK='gawk'
CC='gcc'
CCDEPMODE='depmode=gcc3'
CFLAGS='-g -O2'
CPP='gcc -E'
CPPFLAGS=''
CXX='g++'
CXXCPP='g++ -E'
CXXDEPMODE='depmode=gcc3'
CXXFLAGS='-g -O2 -std=c++11'
CYGPATH_W='echo'
DEFS='-DPACKAGE_NAME=\"filesync\" -DPACKAGE_TARNAME=\"filesync\" -DPACKAGE_VERSION=\"1.0\" -DPACKAGE_STRING=\"filesync\ 1.0\" -DPACKAGE_BUGREPORT=\"\" -DPACKAGE_URL=\"\" -DPACKAGE=\"filesync\" -DVERSION=\"1.0\" -DSTDC_HEADERS=1 -DHAVE_SYS_TYPES_H=1 -DHAVE_SYS_STAT_H=1 -DHAVE_STDLIB_H=1 -DHAVE_STRING_H=1 -DHAVE_MEMORY_H=1 -DHAVE_STRINGS_H=1 -DHAVE_INTTYPES_H=1 -DHAVE_STDINT_H=1 -DHAVE_UNISTD_H=1 -DHAVE_DLFCN_H=1 -DLT_OBJDIR=\".libs/\"'
DEPDIR='.deps'
DLLTOOL='false'
DSYMUTIL=''
DUMPBIN=''
ECHO_C=''
ECHO_N='-n'
ECHO_T=''
EGREP='/usr/bin/grep -E'
EXEEXT=''
FGREP='/usr/bin/grep -F'
GREP='/usr/bin/grep'
HAVE_CXX11=''
INSTALL_DATA='${INSTALL} -m 644'
INSTALL_PROGRAM='${INSTALL}'
INSTALL_SCRIPT='${INSTALL}'
INSTALL_STRIP_PROGRAM='$(install_sh) -c -s'
LD='/usr/bin/ld -m elf_x86_64'
LDFLAGS=''
LIBOBJS=''
LIBS=''
LIBTOOL='$(SHELL) $(top_builddir)/libtool'
LIPO=''
LN_S='ln -s'
LTLIBOBJS=''
MAKEINFO='makeinfo'
MANIFEST_TOOL=':'
MKDIR_P='/usr/bin/mkdir -p'
NM='/usr/bin/nm -B'
NMEDIT=''
OBJDUMP='objdump'
OBJEXT='o'
OTOOL64=''
OTOOL=''
PACKAGE='filesync'
PACKAGE_BUGREPORT=''
PACKAGE_NAME='filesync'
PACKAGE_STRING='filesync 1.0'
PACKAGE_TARNAME='filesync'
PACKAGE_URL=''
PACKAGE_VERSION='1.0'
PATH_SEPARATOR=':'
RANLIB='ranlib'
SED='/usr/bin/sed'
SET_MAKE=''
SHELL='/bin/sh'
STRIP='strip'
VERSION='1.0'
ac_ct_AR='ar'
ac_ct_CC='gcc'
ac_ct_CXX='g++'
ac_ct_DUMPBIN=''
am__EXEEXT_FALSE=''
am__EXEEXT_TRUE='#'
am__fastdepCC_FALSE='#'
am__fastdepCC_TRUE=''
am__fastdepCXX_FALSE='#'
am__fastdepCXX_TRUE=''
am__include='include'
am__isrc=''
am__leading_dot='.'
am__nodep='_no'
am__quote=''
am__tar='$${TAR-tar} chof - "$$tardir"'
am__untar='$${TAR-tar} xf -'
bindir='${exec_prefix}/bin'
build='x86_64-unknown-linux-gnu'
build_alias=''
build_cpu='x86_64'
build_os='linux-gnu'
build_vendor='unknown'
datadir='${datarootdir}'
datarootdir='${prefix}/share'
docdir='${datarootdir}/doc/${PACKAGE_TARNAME}'
dvidir='${docdir}'
exec_prefix='${prefix}'
host='x86_64-unknown-linux-gnu'
host_alias=''
host_cpu='x86_64'
host_os='linux-gnu'
host_vendor='unknown'
htmldir='${docdir}'
includedir='${prefix}/include'
infodir='${datarootdir}/info'
install_sh='${SHELL} /home/carlos/install-sh'
libdir='${exec_prefix}/lib'
libexecdir='${exec_prefix}/libexec'
localedir='${datarootdir}/locale'
localstatedir='${prefix}/var'
mandir='${datarootdir}/man'
mkdir_p='$(MKDIR_P)'
oldincludedir='/usr/include'
pdfdir='${docdir}'
prefix='/usr/local'
program_transform_name='s,x,x,'
psdir='${docdir}'
sbindir='${exec_prefix}/sbin'
sharedstatedir='${prefix}/com'
sysconfdir='${prefix}/etc'
target='x86_64-unknown-linux-gnu'
target_alias=''
target_cpu='x86_64'
target_os='linux-gnu'
target_vendor='unknown'

## ----------- ##
## confdefs.h. ##
## ----------- ##

/* confdefs.h */
#define PACKAGE_NAME "filesync"
#define PACKAGE_TARNAME "filesync"
#define PACKAGE_VERSION "1.0"
#define PACKAGE_STRING "filesync 1.0"
#define PACKAGE_BUGREPORT ""
#define PACKAGE_URL ""
#define PACKAGE "filesync"
#define VERSION "1.0"
#define STDC_HEADERS 1
#define HAVE_SYS_TYPES_H 1
#define HAVE_SYS_STAT_H 1
#define HAVE_STDLIB_H 1
#define HAVE_STRING_H 1
#define HAVE_MEMORY_H 1
#define HAVE_STRINGS_H 1
#define HAVE_INTTYPES_H 1
#define HAVE_STDINT_H 1
#define HAVE_UNISTD_H 1
#define HAVE_DLFCN_H 1
#define LT_OBJDIR ".libs/"

configure: exit 0

## ---------------------- ##
## Running config.status. ##
## ---------------------- ##

This file was extended by filesync config.status 1.0, which was
generated by GNU Autoconf 2.69.  Invocation command line was

  CONFIG_FILES    = 
  CONFIG_HEADERS  = 
  CONFIG_LINKS    = 
  CONFIG_COMMANDS = 
  $ ./config.status libFileSync/Makefile depfiles

on vinitx

config.status:1074: creating libFileSync/Makefile
config.status:1246: executing depfiles commands

## ---------------------- ##
## Running config.status. ##
## ---------------------- ##

This file was extended by filesync config.status 1.0, which was
generated by GNU Autoconf 2.69.  Invocation command line was

  CONFIG_FILES    = 
  CONFIG_HEADERS  = 
  CONFIG_LINKS    = 
  CONFIG_COMMANDS = 
  $ ./config.status exampleProgram/Makefile depfiles

on vinitx

config.status:1074: creating exampleProgram/Makefile
config.status:1246: executing depfiles commands
